pokimon/build/intermediates/manifest_merge_blame_file/debug/manifest-merger-blame-debug-report.txt
1<?xml version="1.0" encoding="utf-8"?>
2<manifest xmlns:android="http://schemas.android.com/apk/res/android"
3    package="com.badlogic.androidgames.mrnom"
4    android:versionCode="1"
5    android:versionName="1.0" >
6
7    <uses-sdk android:minSdkVersion="24" />
7-->src\main\AndroidManifest.xml:20:5-46
7-->src\main\AndroidManifest.xml:20:5-46
8
9    <uses-permission android:name="android.permission.WAKE_LOCK" />
9-->src\main\AndroidManifest.xml:18:5-68
9-->src\main\AndroidManifest.xml:18:22-65
10    <uses-permission android:name="android.permission.WRITE_EXTERNAL_STORAGE" />
10-->src\main\AndroidManifest.xml:19:5-80
10-->src\main\AndroidManifest.xml:19:22-78
11
12    <application
12-->src\main\AndroidManifest.xml:6:5-17:19
13        android:debuggable="true"
13-->src\main\AndroidManifest.xml:6:72-97
14        android:icon="@drawable/icon"
14-->src\main\AndroidManifest.xml:6:18-47
15        android:label="Mr. Nom" >
15-->src\main\AndroidManifest.xml:6:48-71
16        <activity
16-->src\main\AndroidManifest.xml:7:9-16:20
17            android:name="com.M00271117.motraining.rpgame.MrNomGame"
17-->src\main\AndroidManifest.xml:7:19-75
18            android:configChanges="keyboard|keyboardHidden|orientation"
18-->src\main\AndroidManifest.xml:9:19-78
19            android:exported="true"
19-->src\main\AndroidManifest.xml:11:19-42
20            android:label="Mr. Nom"
20-->src\main\AndroidManifest.xml:8:19-42
21            android:screenOrientation="portrait" >
21-->src\main\AndroidManifest.xml:10:19-55
22            <intent-filter>
22-->src\main\AndroidManifest.xml:12:13-15:29
23                <action android:name="android.intent.action.MAIN" />
23-->src\main\AndroidManifest.xml:13:17-69
23-->src\main\AndroidManifest.xml:13:25-66
24
25                <category android:name="android.intent.category.LAUNCHER" />
25-->src\main\AndroidManifest.xml:14:17-77
25-->src\main\AndroidManifest.xml:14:27-74
26            </intent-filter>
27        </activity>
28    </application>
29
30</manifest>